2024-12-30 09:17:28,048 - PaintCam1 - MainThread - __init__ - INFO - Begin Probing RTSP Stream for camera :- rtsp://localhost:18554/mystream
2024-12-30 12:32:50,418 - PaintCam1 - MainThread - __init__ - INFO - Begin Probing RTSP Stream for camera :- rtsp://localhost:18554/mystream
2024-12-30 12:32:53,601 - PaintCam1 - MainThread - __init__ - INFO - fps: 20/1
2024-12-30 12:32:53,608 - PaintCam1 - MainThread - __init__ - INFO - fps: 20.0 and height:-1440 and width:- 2560
2024-12-30 12:32:53,608 - PaintCam1 - MainThread - run_threads - INFO - running threads
2024-12-30 12:36:24,316 - PaintCam1 - MainThread - enqueue_frame_buffer - INFO - Failed sent to server
2024-12-30 12:39:36,706 - PaintCam1 - MainThread - enqueue_frame_buffer - INFO - Successfully sent to server
2024-12-30 12:42:41,359 - PaintCam1 - MainThread - enqueue_frame_buffer - INFO - Successfully sent to server
2024-12-30 12:44:26,935 - PaintCam1 - MainThread - __init__ - INFO - Begin Probing RTSP Stream for camera :- rtsp://localhost:18554/mystream
2024-12-30 12:44:29,707 - PaintCam1 - MainThread - __init__ - INFO - fps: 20/1
2024-12-30 12:44:29,709 - PaintCam1 - MainThread - __init__ - INFO - fps: 20.0 and height:-1440 and width:- 2560
2024-12-30 12:44:29,709 - PaintCam1 - MainThread - run_threads - INFO - running threads
2024-12-30 12:47:41,708 - PaintCam1 - MainThread - enqueue_frame_buffer - INFO - Successfully sent to server
2024-12-30 12:50:50,417 - PaintCam1 - MainThread - enqueue_frame_buffer - INFO - Successfully sent to server
2024-12-30 12:53:49,362 - PaintCam1 - MainThread - enqueue_frame_buffer - INFO - Successfully sent to server
2024-12-30 12:56:47,606 - PaintCam1 - MainThread - enqueue_frame_buffer - INFO - Successfully sent to server
2024-12-30 12:59:43,405 - PaintCam1 - MainThread - enqueue_frame_buffer - INFO - Successfully sent to server
2024-12-30 13:02:41,507 - PaintCam1 - MainThread - enqueue_frame_buffer - INFO - Successfully sent to server
2024-12-30 13:05:35,202 - PaintCam1 - MainThread - enqueue_frame_buffer - INFO - Successfully sent to server
2024-12-30 13:08:33,392 - PaintCam1 - MainThread - enqueue_frame_buffer - INFO - Successfully sent to server
2024-12-30 13:11:29,580 - PaintCam1 - MainThread - enqueue_frame_buffer - INFO - Successfully sent to server
2024-12-30 13:13:23,194 - PaintCam1 - MainThread - enqueue_frame_buffer - INFO - Successfully sent to server
2024-12-30 13:16:05,960 - PaintCam1 - MainThread - enqueue_frame_buffer - INFO - Successfully sent to server
2024-12-30 13:19:00,396 - PaintCam1 - MainThread - enqueue_frame_buffer - INFO - Successfully sent to server
2024-12-30 13:22:01,356 - PaintCam1 - MainThread - enqueue_frame_buffer - INFO - Successfully sent to server
2024-12-30 13:25:00,560 - PaintCam1 - MainThread - enqueue_frame_buffer - INFO - Successfully sent to server
2024-12-30 13:27:57,812 - PaintCam1 - MainThread - enqueue_frame_buffer - INFO - Successfully sent to server
2024-12-30 13:30:57,726 - PaintCam1 - MainThread - enqueue_frame_buffer - INFO - Successfully sent to server
2024-12-30 13:33:41,216 - PaintCam1 - MainThread - enqueue_frame_buffer - INFO - Some Issue with reading from STDOUT
2024-12-30 13:34:21,661 - PaintCam1 - MainThread - enqueue_frame_buffer - INFO - Successfully sent to server
2024-12-30 13:37:42,267 - PaintCam1 - MainThread - enqueue_frame_buffer - INFO - Successfully sent to server
2024-12-30 13:41:30,981 - PaintCam1 - MainThread - enqueue_frame_buffer - INFO - Successfully sent to server
2024-12-30 13:44:25,643 - PaintCam1 - MainThread - enqueue_frame_buffer - INFO - Successfully sent to server
2024-12-30 13:47:16,349 - PaintCam1 - MainThread - enqueue_frame_buffer - INFO - Successfully sent to server
2024-12-30 13:50:21,749 - PaintCam1 - MainThread - enqueue_frame_buffer - INFO - Successfully sent to server
2024-12-30 13:53:26,394 - PaintCam1 - MainThread - enqueue_frame_buffer - INFO - Successfully sent to server
2024-12-30 13:56:38,727 - PaintCam1 - MainThread - enqueue_frame_buffer - INFO - Successfully sent to server
2024-12-30 14:00:13,523 - PaintCam1 - MainThread - enqueue_frame_buffer - INFO - Successfully sent to server
2024-12-30 14:03:30,874 - PaintCam1 - MainThread - enqueue_frame_buffer - INFO - Successfully sent to server
2024-12-30 14:06:27,552 - PaintCam1 - MainThread - enqueue_frame_buffer - INFO - Successfully sent to server
2024-12-30 14:09:22,732 - PaintCam1 - MainThread - enqueue_frame_buffer - INFO - Successfully sent to server
2024-12-30 14:12:21,469 - PaintCam1 - MainThread - enqueue_frame_buffer - INFO - Some Issue with reading from STDOUT
2025-01-01 00:02:33,339 - PaintCam1 - MainThread - __init__ - INFO - Begin Probing RTSP Stream for camera :- rtsp://localhost:18554/mystream
2025-01-01 03:43:48,398 - PaintCam1 - MainThread - __init__ - INFO - Begin Probing RTSP Stream for camera :- rtsp://localhost:18554/mystream
2025-01-02 09:30:33,885 - PaintCam1 - MainThread - __init__ - INFO - Begin Probing RTSP Stream for camera :- rtsp://localhost:18554/mystream
