2025-04-07 11:15:01,948 - INFO - Starting video processing loop...
2025-04-07 11:15:01,948 - INFO - Processing video: D:/Camduc-Sudisa/paintai/videos\20250404_200010.mp4
2025-04-07 12:04:18,008 - INFO - Successfully sent data for video: D:/Camduc-Sudisa/paintai/videos\20250404_200010.mp4
2025-04-07 12:04:18,008 - INFO - Classwise Counts: {'sdHub': {'IN': 1, 'OUT': 3}, 'springTrunion': {'IN': 2, 'OUT': 25}, 'brakeDrum3711': {'IN': 0, 'OUT': 0}, 'starttime': '2025-04-07T11:15:02.032425', 'endtime': '2025-04-07T12:04:12.948417', 'cameraid': 2}
2025-04-07 12:04:18,016 - INFO - Saved processed data to: D:/Camduc-Sudisa/paintai/processed_logs\20250404_200010.mp4.json
2025-04-07 12:04:20,017 - INFO - Processing video: D:/Camduc-Sudisa/paintai/videos\20250404_210013.mp4
2025-04-07 12:49:42,317 - INFO - Successfully sent data for video: D:/Camduc-Sudisa/paintai/videos\20250404_210013.mp4
2025-04-07 12:49:42,317 - INFO - Classwise Counts: {'brakeDrum3711': {'IN': 0, 'OUT': 0}, 'sdHub': {'IN': 0, 'OUT': 0}, 'springTrunion': {'IN': 3, 'OUT': 22}, 'diffCover': {'IN': 0, 'OUT': 0}, 'starttime': '2025-04-07T12:04:20.035538', 'endtime': '2025-04-07T12:49:36.248938', 'cameraid': 2}
2025-04-07 12:49:42,334 - INFO - Saved processed data to: D:/Camduc-Sudisa/paintai/processed_logs\20250404_210013.mp4.json
2025-04-07 12:49:44,335 - INFO - Processing video: D:/Camduc-Sudisa/paintai/videos\20250404_220013.mp4
2025-04-07 13:34:36,141 - INFO - Successfully sent data for video: D:/Camduc-Sudisa/paintai/videos\20250404_220013.mp4
2025-04-07 13:34:36,142 - INFO - Classwise Counts: {'starttime': '2025-04-07T12:49:44.351056', 'endtime': '2025-04-07T13:34:34.107135', 'cameraid': 2}
2025-04-07 13:34:36,161 - INFO - Saved processed data to: D:/Camduc-Sudisa/paintai/processed_logs\20250404_220013.mp4.json
2025-04-07 13:34:38,161 - INFO - Processing video: D:/Camduc-Sudisa/paintai/videos\20250404_230013.mp4
2025-04-07 14:19:36,693 - INFO - Successfully sent data for video: D:/Camduc-Sudisa/paintai/videos\20250404_230013.mp4
2025-04-07 14:19:36,693 - INFO - Classwise Counts: {'brakeDrum3711': {'IN': 0, 'OUT': 1}, 'diffCover': {'IN': 0, 'OUT': 0}, 'starttime': '2025-04-07T13:34:38.182566', 'endtime': '2025-04-07T14:19:32.631510', 'cameraid': 2}
2025-04-07 14:19:36,707 - INFO - Saved processed data to: D:/Camduc-Sudisa/paintai/processed_logs\20250404_230013.mp4.json
2025-04-07 14:19:38,708 - INFO - Processing video: D:/Camduc-Sudisa/paintai/videos\20250405_000013.mp4
2025-04-07 15:06:11,725 - INFO - Successfully sent data for video: D:/Camduc-Sudisa/paintai/videos\20250405_000013.mp4
2025-04-07 15:06:11,725 - INFO - Classwise Counts: {'brakeDrum3711': {'IN': 0, 'OUT': 24}, 'diffCover': {'IN': 0, 'OUT': 0}, 'starttime': '2025-04-07T14:19:38.725049', 'endtime': '2025-04-07T15:06:07.668571', 'cameraid': 2}
2025-04-07 15:06:11,744 - INFO - Saved processed data to: D:/Camduc-Sudisa/paintai/processed_logs\20250405_000013.mp4.json
2025-04-07 15:06:13,744 - INFO - Processing video: D:/Camduc-Sudisa/paintai/videos\20250405_010014.mp4
2025-04-07 15:58:31,109 - INFO - Successfully sent data for video: D:/Camduc-Sudisa/paintai/videos\20250405_010014.mp4
2025-04-07 15:58:31,109 - INFO - Classwise Counts: {'brakeDrum3711': {'IN': 2, 'OUT': 67}, 'starttime': '2025-04-07T15:06:13.762781', 'endtime': '2025-04-07T15:58:28.070091', 'cameraid': 2}
2025-04-07 15:58:31,127 - INFO - Saved processed data to: D:/Camduc-Sudisa/paintai/processed_logs\20250405_010014.mp4.json
2025-04-07 15:58:33,129 - INFO - Processing video: D:/Camduc-Sudisa/paintai/videos\20250405_020014.mp4
2025-04-07 16:50:21,323 - INFO - Successfully sent data for video: D:/Camduc-Sudisa/paintai/videos\20250405_020014.mp4
2025-04-07 16:50:21,323 - INFO - Classwise Counts: {'brakeDrum3711': {'IN': 1, 'OUT': 30}, 'springTrunion': {'IN': 0, 'OUT': 0}, 'starttime': '2025-04-07T15:58:33.144342', 'endtime': '2025-04-07T16:50:17.257946', 'cameraid': 2}
2025-04-07 16:50:21,340 - INFO - Saved processed data to: D:/Camduc-Sudisa/paintai/processed_logs\20250405_020014.mp4.json
2025-04-07 16:50:23,341 - INFO - Processing video: D:/Camduc-Sudisa/paintai/videos\20250405_030014.mp4
2025-04-07 17:38:34,200 - INFO - Successfully sent data for video: D:/Camduc-Sudisa/paintai/videos\20250405_030014.mp4
2025-04-07 17:38:34,200 - INFO - Classwise Counts: {'brakeDrum3711': {'IN': 0, 'OUT': 11}, 'springTrunion': {'IN': 7, 'OUT': 22}, 'sdHub': {'IN': 0, 'OUT': 1}, 'starttime': '2025-04-07T16:50:23.363655', 'endtime': '2025-04-07T17:38:29.143010', 'cameraid': 2}
2025-04-07 17:38:34,219 - INFO - Saved processed data to: D:/Camduc-Sudisa/paintai/processed_logs\20250405_030014.mp4.json
2025-04-07 17:38:36,220 - INFO - Processing video: D:/Camduc-Sudisa/paintai/videos\20250405_040014.mp4
2025-04-07 18:30:36,380 - INFO - Successfully sent data for video: D:/Camduc-Sudisa/paintai/videos\20250405_040014.mp4
2025-04-07 18:30:36,380 - INFO - Classwise Counts: {'brakeDrum3711': {'IN': 0, 'OUT': 0}, 'starttime': '2025-04-07T17:38:36.239194', 'endtime': '2025-04-07T18:30:33.340065', 'cameraid': 2}
2025-04-07 18:30:36,395 - INFO - Saved processed data to: D:/Camduc-Sudisa/paintai/processed_logs\20250405_040014.mp4.json
2025-04-07 18:30:38,395 - INFO - Processing video: D:/Camduc-Sudisa/paintai/videos\20250405_050015.mp4
2025-04-07 19:22:36,637 - INFO - Successfully sent data for video: D:/Camduc-Sudisa/paintai/videos\20250405_050015.mp4
2025-04-07 19:22:36,637 - INFO - Classwise Counts: {'brakeDrum3711': {'IN': 1, 'OUT': 74}, 'starttime': '2025-04-07T18:30:38.413833', 'endtime': '2025-04-07T19:22:33.534353', 'cameraid': 2}
2025-04-07 19:22:36,655 - INFO - Saved processed data to: D:/Camduc-Sudisa/paintai/processed_logs\20250405_050015.mp4.json
2025-04-07 19:22:38,656 - INFO - Processing video: D:/Camduc-Sudisa/paintai/videos\20250405_060015.mp4
2025-04-07 20:10:56,390 - INFO - Successfully sent data for video: D:/Camduc-Sudisa/paintai/videos\20250405_060015.mp4
2025-04-07 20:10:56,390 - INFO - Classwise Counts: {'brakeDrum3711': {'IN': 2, 'OUT': 31}, 'springTrunion': {'IN': 4, 'OUT': 23}, 'sdHub': {'IN': 0, 'OUT': 0}, 'starttime': '2025-04-07T19:22:38.677540', 'endtime': '2025-04-07T20:10:51.119274', 'cameraid': 2}
2025-04-07 20:10:56,407 - INFO - Saved processed data to: D:/Camduc-Sudisa/paintai/processed_logs\20250405_060015.mp4.json
2025-04-07 20:10:58,408 - INFO - Processing video: D:/Camduc-Sudisa/paintai/videos\20250405_070015.mp4
2025-04-07 21:00:32,952 - INFO - Successfully sent data for video: D:/Camduc-Sudisa/paintai/videos\20250405_070015.mp4
2025-04-07 21:00:32,952 - INFO - Classwise Counts: {'brakeDrum3711': {'IN': 0, 'OUT': 86}, 'springTrunion': {'IN': 0, 'OUT': 0}, 'starttime': '2025-04-07T20:10:58.425365', 'endtime': '2025-04-07T21:00:28.896995', 'cameraid': 2}
2025-04-07 21:00:32,969 - INFO - Saved processed data to: D:/Camduc-Sudisa/paintai/processed_logs\20250405_070015.mp4.json
2025-04-07 21:00:34,970 - INFO - Processing video: D:/Camduc-Sudisa/paintai/videos\20250405_080015.mp4
2025-04-07 21:52:37,374 - INFO - Successfully sent data for video: D:/Camduc-Sudisa/paintai/videos\20250405_080015.mp4
2025-04-07 21:52:37,374 - INFO - Classwise Counts: {'brakeDrum3711': {'IN': 1, 'OUT': 78}, 'starttime': '2025-04-07T21:00:34.989205', 'endtime': '2025-04-07T21:52:34.321081', 'cameraid': 2}
2025-04-07 21:52:37,388 - INFO - Saved processed data to: D:/Camduc-Sudisa/paintai/processed_logs\20250405_080015.mp4.json
2025-04-07 21:52:39,390 - INFO - Processing video: D:/Camduc-Sudisa/paintai/videos\20250405_090016.mp4
2025-04-07 22:43:09,097 - INFO - Successfully sent data for video: D:/Camduc-Sudisa/paintai/videos\20250405_090016.mp4
2025-04-07 22:43:09,097 - INFO - Classwise Counts: {'brakeDrum3711': {'IN': 1, 'OUT': 89}, 'diffCover': {'IN': 0, 'OUT': 0}, 'starttime': '2025-04-07T21:52:39.409143', 'endtime': '2025-04-07T22:43:05.047763', 'cameraid': 2}
2025-04-07 22:43:09,114 - INFO - Saved processed data to: D:/Camduc-Sudisa/paintai/processed_logs\20250405_090016.mp4.json
2025-04-07 22:43:11,114 - INFO - Processing video: D:/Camduc-Sudisa/paintai/videos\20250405_100016.mp4
2025-04-07 23:27:46,728 - INFO - Successfully sent data for video: D:/Camduc-Sudisa/paintai/videos\20250405_100016.mp4
2025-04-07 23:27:46,728 - INFO - Classwise Counts: {'brakeDrum3711': {'IN': 2, 'OUT': 6}, 'springTrunion': {'IN': 0, 'OUT': 0}, 'starttime': '2025-04-07T22:43:11.142386', 'endtime': '2025-04-07T23:27:42.678166', 'cameraid': 2}
2025-04-07 23:27:46,748 - INFO - Saved processed data to: D:/Camduc-Sudisa/paintai/processed_logs\20250405_100016.mp4.json
2025-04-07 23:27:48,749 - INFO - Processing video: D:/Camduc-Sudisa/paintai/videos\20250405_110016.mp4
2025-04-08 00:11:58,260 - INFO - Successfully sent data for video: D:/Camduc-Sudisa/paintai/videos\20250405_110016.mp4
2025-04-08 00:11:58,260 - INFO - Classwise Counts: {'springTrunion': {'IN': 0, 'OUT': 0}, 'starttime': '2025-04-07T23:27:48.768225', 'endtime': '2025-04-08T00:11:55.213369', 'cameraid': 2}
2025-04-08 00:11:58,278 - INFO - Saved processed data to: D:/Camduc-Sudisa/paintai/processed_logs\20250405_110016.mp4.json
2025-04-08 00:12:00,278 - INFO - Processing video: D:/Camduc-Sudisa/paintai/videos\20250405_120019.mp4
2025-04-08 01:04:36,173 - INFO - Successfully sent data for video: D:/Camduc-Sudisa/paintai/videos\20250405_120019.mp4
2025-04-08 01:04:36,173 - INFO - Classwise Counts: {'brakeDrum3711': {'IN': 0, 'OUT': 43}, 'diffCover': {'IN': 0, 'OUT': 0}, 'springTrunion': {'IN': 0, 'OUT': 0}, 'starttime': '2025-04-08T00:12:00.298559', 'endtime': '2025-04-08T01:04:31.116210', 'cameraid': 2}
2025-04-08 01:04:36,180 - INFO - Saved processed data to: D:/Camduc-Sudisa/paintai/processed_logs\20250405_120019.mp4.json
2025-04-08 01:04:38,182 - INFO - Processing video: D:/Camduc-Sudisa/paintai/videos\20250405_130019.mp4
2025-04-08 01:56:59,681 - INFO - Successfully sent data for video: D:/Camduc-Sudisa/paintai/videos\20250405_130019.mp4
2025-04-08 01:56:59,681 - INFO - Classwise Counts: {'brakeDrum3711': {'IN': 1, 'OUT': 15}, 'starttime': '2025-04-08T01:04:38.196532', 'endtime': '2025-04-08T01:56:56.302782', 'cameraid': 2}
2025-04-08 01:56:59,699 - INFO - Saved processed data to: D:/Camduc-Sudisa/paintai/processed_logs\20250405_130019.mp4.json
2025-04-08 01:57:01,700 - INFO - Processing video: D:/Camduc-Sudisa/paintai/videos\20250405_140019.mp4
2025-04-08 02:50:01,918 - INFO - Successfully sent data for video: D:/Camduc-Sudisa/paintai/videos\20250405_140019.mp4
2025-04-08 02:50:01,918 - INFO - Classwise Counts: {'brakeDrum3711': {'IN': 0, 'OUT': 116}, 'springTrunion': {'IN': 0, 'OUT': 0}, 'sdHub': {'IN': 0, 'OUT': 0}, 'diffCover': {'IN': 0, 'OUT': 0}, 'starttime': '2025-04-08T01:57:01.716111', 'endtime': '2025-04-08T02:49:55.855777', 'cameraid': 2}
2025-04-08 02:50:01,936 - INFO - Saved processed data to: D:/Camduc-Sudisa/paintai/processed_logs\20250405_140019.mp4.json
2025-04-08 02:50:03,937 - INFO - Processing video: D:/Camduc-Sudisa/paintai/videos\20250405_150019.mp4
2025-04-08 03:42:37,126 - INFO - Successfully sent data for video: D:/Camduc-Sudisa/paintai/videos\20250405_150019.mp4
2025-04-08 03:42:37,126 - INFO - Classwise Counts: {'brakeDrum3711': {'IN': 2, 'OUT': 87}, 'sdHub': {'IN': 0, 'OUT': 0}, 'starttime': '2025-04-08T02:50:03.953697', 'endtime': '2025-04-08T03:42:33.006467', 'cameraid': 2}
2025-04-08 03:42:37,144 - INFO - Saved processed data to: D:/Camduc-Sudisa/paintai/processed_logs\20250405_150019.mp4.json
2025-04-08 03:42:39,144 - INFO - Processing video: D:/Camduc-Sudisa/paintai/videos\20250405_160022.mp4
2025-04-08 04:32:18,233 - INFO - Successfully sent data for video: D:/Camduc-Sudisa/paintai/videos\20250405_160022.mp4
2025-04-08 04:32:18,233 - INFO - Classwise Counts: {'brakeDrum3711': {'IN': 1, 'OUT': 30}, 'diffCover': {'IN': 0, 'OUT': 3}, 'springTrunion': {'IN': 3, 'OUT': 19}, 'sdHub': {'IN': 0, 'OUT': 6}, 'starttime': '2025-04-08T03:42:39.165085', 'endtime': '2025-04-08T04:32:12.163423', 'cameraid': 2}
2025-04-08 04:32:18,251 - INFO - Saved processed data to: D:/Camduc-Sudisa/paintai/processed_logs\20250405_160022.mp4.json
2025-04-08 04:32:20,251 - INFO - Processing video: D:/Camduc-Sudisa/paintai/videos\20250405_170022.mp4
2025-04-08 05:23:20,967 - INFO - Successfully sent data for video: D:/Camduc-Sudisa/paintai/videos\20250405_170022.mp4
2025-04-08 05:23:20,967 - INFO - Classwise Counts: {'diffCover': {'IN': 1, 'OUT': 5}, 'sdHub': {'IN': 4, 'OUT': 21}, 'springTrunion': {'IN': 2, 'OUT': 13}, 'brakeDrum3711': {'IN': 0, 'OUT': 84}, 'starttime': '2025-04-08T04:32:20.270833', 'endtime': '2025-04-08T05:23:14.900416', 'cameraid': 2}
2025-04-08 05:23:20,984 - INFO - Saved processed data to: D:/Camduc-Sudisa/paintai/processed_logs\20250405_170022.mp4.json
2025-04-08 05:23:22,985 - INFO - Processing video: D:/Camduc-Sudisa/paintai/videos\20250405_180024.mp4
2025-04-08 06:15:37,359 - INFO - Successfully sent data for video: D:/Camduc-Sudisa/paintai/videos\20250405_180024.mp4
2025-04-08 06:15:37,359 - INFO - Classwise Counts: {'brakeDrum3711': {'IN': 0, 'OUT': 45}, 'starttime': '2025-04-08T05:23:23.007252', 'endtime': '2025-04-08T06:15:34.100713', 'cameraid': 2}
2025-04-08 06:15:37,376 - INFO - Saved processed data to: D:/Camduc-Sudisa/paintai/processed_logs\20250405_180024.mp4.json
2025-04-08 06:15:39,377 - INFO - Processing video: D:/Camduc-Sudisa/paintai/videos\20250405_190025.mp4
2025-04-08 07:01:55,002 - INFO - Successfully sent data for video: D:/Camduc-Sudisa/paintai/videos\20250405_190025.mp4
2025-04-08 07:01:55,002 - INFO - Classwise Counts: {'brakeDrum3711': {'IN': 2, 'OUT': 21}, 'starttime': '2025-04-08T06:15:39.395424', 'endtime': '2025-04-08T07:01:51.946016', 'cameraid': 2}
2025-04-08 07:01:55,020 - INFO - Saved processed data to: D:/Camduc-Sudisa/paintai/processed_logs\20250405_190025.mp4.json
